<?xml version="1.0" encoding="UTF-8"?>
<coverage generated="1621716736442" clover="3.2.0">
  <project timestamp="1621716736442" name="All files">
    <metrics statements="11" coveredstatements="11" conditionals="4" coveredconditionals="4" methods="3" coveredmethods="3" elements="18" coveredelements="18" complexity="0" loc="11" ncloc="11" packages="1" files="1" classes="1"/>
    <file name="useFetch.js" path="/Users/ladiadenusi/source/sky/challenge/src/hooks/useFetch.js">
      <metrics statements="11" coveredstatements="11" conditionals="4" coveredconditionals="4" methods="3" coveredmethods="3"/>
      <line num="3" count="4" type="cond" truecount="1" falsecount="0"/>
      <line num="4" count="37" type="stmt"/>
      <line num="5" count="37" type="stmt"/>
      <line num="7" count="22" type="stmt"/>
      <line num="8" count="22" type="stmt"/>
      <line num="13" count="22" type="stmt"/>
      <line num="14" count="13" type="stmt"/>
      <line num="20" count="37" type="stmt"/>
      <line num="21" count="9" type="cond" truecount="2" falsecount="0"/>
      <line num="22" count="4" type="stmt"/>
      <line num="26" count="37" type="stmt"/>
    </file>
  </project>
</coverage>
