{"/Users/ladiadenusi/source/sky/challenge/src/App.js": {"path":"/Users/ladiadenusi/source/sky/challenge/src/App.js","statementMap":{"0":{"start":{"line":15,"column":27},"end":{"line":15,"column":39}},"1":{"start":{"line":16,"column":38},"end":{"line":16,"column":50}},"2":{"start":{"line":17,"column":30},"end":{"line":17,"column":45}},"3":{"start":{"line":18,"column":28},"end":{"line":18,"column":46}},"4":{"start":{"line":19,"column":18},"end":{"line":21,"column":3}},"5":{"start":{"line":20,"column":4},"end":{"line":20,"column":22}},"6":{"start":{"line":22,"column":19},"end":{"line":29,"column":3}},"7":{"start":{"line":23,"column":4},"end":{"line":23,"column":24}},"8":{"start":{"line":24,"column":4},"end":{"line":28,"column":5}},"9":{"start":{"line":25,"column":6},"end":{"line":25,"column":63}},"10":{"start":{"line":27,"column":6},"end":{"line":27,"column":50}},"11":{"start":{"line":30,"column":2},"end":{"line":37,"column":15}},"12":{"start":{"line":31,"column":21},"end":{"line":33,"column":6}},"13":{"start":{"line":32,"column":6},"end":{"line":32,"column":24}},"14":{"start":{"line":34,"column":4},"end":{"line":36,"column":6}},"15":{"start":{"line":35,"column":6},"end":{"line":35,"column":17}},"16":{"start":{"line":39,"column":2},"end":{"line":69,"column":4}}},"fnMap":{"0":{"name":"App","decl":{"start":{"line":14,"column":9},"end":{"line":14,"column":12}},"loc":{"start":{"line":14,"column":15},"end":{"line":70,"column":1}},"line":14},"1":{"name":"(anonymous_1)","decl":{"start":{"line":19,"column":18},"end":{"line":19,"column":19}},"loc":{"start":{"line":19,"column":24},"end":{"line":21,"column":3}},"line":19},"2":{"name":"(anonymous_2)","decl":{"start":{"line":22,"column":19},"end":{"line":22,"column":20}},"loc":{"start":{"line":22,"column":42},"end":{"line":29,"column":3}},"line":22},"3":{"name":"(anonymous_3)","decl":{"start":{"line":30,"column":12},"end":{"line":30,"column":13}},"loc":{"start":{"line":30,"column":18},"end":{"line":37,"column":3}},"line":30},"4":{"name":"(anonymous_4)","decl":{"start":{"line":31,"column":28},"end":{"line":31,"column":29}},"loc":{"start":{"line":31,"column":34},"end":{"line":33,"column":5}},"line":31},"5":{"name":"(anonymous_5)","decl":{"start":{"line":34,"column":11},"end":{"line":34,"column":12}},"loc":{"start":{"line":34,"column":17},"end":{"line":36,"column":5}},"line":34}},"branchMap":{"0":{"loc":{"start":{"line":24,"column":4},"end":{"line":28,"column":5}},"type":"if","locations":[{"start":{"line":24,"column":4},"end":{"line":28,"column":5}},{"start":{"line":24,"column":4},"end":{"line":28,"column":5}}],"line":24},"1":{"loc":{"start":{"line":50,"column":9},"end":{"line":52,"column":9}},"type":"binary-expr","locations":[{"start":{"line":50,"column":9},"end":{"line":50,"column":33}},{"start":{"line":50,"column":37},"end":{"line":50,"column":43}},{"start":{"line":51,"column":10},"end":{"line":51,"column":66}}],"line":50}},"s":{"0":21,"1":21,"2":21,"3":21,"4":21,"5":12,"6":21,"7":19,"8":19,"9":1,"10":18,"11":21,"12":4,"13":2,"14":4,"15":4,"16":21},"f":{"0":21,"1":12,"2":19,"3":4,"4":2,"5":4},"b":{"0":[1,18],"1":[21,9,3]},"_coverageSchema":"1a1c01bbd47fc00a2c39e90264f33305004495a9","hash":"1dcb61f79721d32eaeb30c8f29ddcfa5f1847bc2"}
,"/Users/ladiadenusi/source/sky/challenge/src/constants.js": {"path":"/Users/ladiadenusi/source/sky/challenge/src/constants.js","statementMap":{"0":{"start":{"line":1,"column":16},"end":{"line":1,"column":46}},"1":{"start":{"line":2,"column":22},"end":{"line":2,"column":37}},"2":{"start":{"line":3,"column":25},"end":{"line":3,"column":43}},"3":{"start":{"line":4,"column":26},"end":{"line":4,"column":45}},"4":{"start":{"line":5,"column":28},"end":{"line":5,"column":53}},"5":{"start":{"line":6,"column":31},"end":{"line":6,"column":59}}},"fnMap":{},"branchMap":{},"s":{"0":6,"1":6,"2":6,"3":6,"4":6,"5":6},"f":{},"b":{},"_coverageSchema":"1a1c01bbd47fc00a2c39e90264f33305004495a9","hash":"7b7937404d2332347d373b2a1618ff468f6921dc"}
,"/Users/ladiadenusi/source/sky/challenge/src/reportWebVitals.js": {"path":"/Users/ladiadenusi/source/sky/challenge/src/reportWebVitals.js","statementMap":{"0":{"start":{"line":1,"column":24},"end":{"line":11,"column":1}},"1":{"start":{"line":2,"column":2},"end":{"line":10,"column":3}},"2":{"start":{"line":3,"column":4},"end":{"line":9,"column":7}},"3":{"start":{"line":4,"column":6},"end":{"line":4,"column":26}},"4":{"start":{"line":5,"column":6},"end":{"line":5,"column":26}},"5":{"start":{"line":6,"column":6},"end":{"line":6,"column":26}},"6":{"start":{"line":7,"column":6},"end":{"line":7,"column":26}},"7":{"start":{"line":8,"column":6},"end":{"line":8,"column":27}}},"fnMap":{"0":{"name":"(anonymous_0)","decl":{"start":{"line":1,"column":24},"end":{"line":1,"column":25}},"loc":{"start":{"line":1,"column":39},"end":{"line":11,"column":1}},"line":1},"1":{"name":"(anonymous_1)","decl":{"start":{"line":3,"column":30},"end":{"line":3,"column":31}},"loc":{"start":{"line":3,"column":79},"end":{"line":9,"column":5}},"line":3}},"branchMap":{"0":{"loc":{"start":{"line":2,"column":2},"end":{"line":10,"column":3}},"type":"if","locations":[{"start":{"line":2,"column":2},"end":{"line":10,"column":3}},{"start":{"line":2,"column":2},"end":{"line":10,"column":3}}],"line":2},"1":{"loc":{"start":{"line":2,"column":6},"end":{"line":2,"column":52}},"type":"binary-expr","locations":[{"start":{"line":2,"column":6},"end":{"line":2,"column":17}},{"start":{"line":2,"column":21},"end":{"line":2,"column":52}}],"line":2}},"s":{"0":0,"1":0,"2":0,"3":0,"4":0,"5":0,"6":0,"7":0},"f":{"0":0,"1":0},"b":{"0":[0,0],"1":[0,0]}}
,"/Users/ladiadenusi/source/sky/challenge/src/components/Image/index.js": {"path":"/Users/ladiadenusi/source/sky/challenge/src/components/Image/index.js","statementMap":{"0":{"start":{"line":4,"column":14},"end":{"line":14,"column":1}},"1":{"start":{"line":5,"column":14},"end":{"line":7,"column":39}},"2":{"start":{"line":9,"column":2},"end":{"line":13,"column":4}}},"fnMap":{"0":{"name":"(anonymous_0)","decl":{"start":{"line":4,"column":14},"end":{"line":4,"column":15}},"loc":{"start":{"line":4,"column":62},"end":{"line":14,"column":1}},"line":4}},"branchMap":{"0":{"loc":{"start":{"line":4,"column":36},"end":{"line":4,"column":55}},"type":"default-arg","locations":[{"start":{"line":4,"column":44},"end":{"line":4,"column":55}}],"line":4},"1":{"loc":{"start":{"line":5,"column":14},"end":{"line":7,"column":39}},"type":"cond-expr","locations":[{"start":{"line":6,"column":6},"end":{"line":6,"column":41}},{"start":{"line":7,"column":6},"end":{"line":7,"column":39}}],"line":5}},"s":{"0":6,"1":50,"2":50},"f":{"0":50},"b":{"0":[44],"1":[47,3]},"_coverageSchema":"1a1c01bbd47fc00a2c39e90264f33305004495a9","hash":"4557997e8a455d80a9bbbc2c2d8bcfe44bb8f404"}
,"/Users/ladiadenusi/source/sky/challenge/src/components/List/Item.js": {"path":"/Users/ladiadenusi/source/sky/challenge/src/components/List/Item.js","statementMap":{"0":{"start":{"line":5,"column":15},"end":{"line":7,"column":1}},"1":{"start":{"line":6,"column":2},"end":{"line":6,"column":50}},"2":{"start":{"line":8,"column":14},"end":{"line":8,"column":78}},"3":{"start":{"line":8,"column":32},"end":{"line":8,"column":78}},"4":{"start":{"line":10,"column":17},"end":{"line":16,"column":1}},"5":{"start":{"line":11,"column":2},"end":{"line":15,"column":4}},"6":{"start":{"line":18,"column":0},"end":{"line":18,"column":25}},"7":{"start":{"line":19,"column":0},"end":{"line":19,"column":23}}},"fnMap":{"0":{"name":"(anonymous_0)","decl":{"start":{"line":5,"column":15},"end":{"line":5,"column":16}},"loc":{"start":{"line":6,"column":2},"end":{"line":6,"column":50}},"line":6},"1":{"name":"(anonymous_1)","decl":{"start":{"line":8,"column":14},"end":{"line":8,"column":15}},"loc":{"start":{"line":8,"column":32},"end":{"line":8,"column":78}},"line":8},"2":{"name":"(anonymous_2)","decl":{"start":{"line":10,"column":17},"end":{"line":10,"column":18}},"loc":{"start":{"line":10,"column":39},"end":{"line":16,"column":1}},"line":10}},"branchMap":{},"s":{"0":6,"1":44,"2":6,"3":44,"4":6,"5":44,"6":6,"7":6},"f":{"0":44,"1":44,"2":44},"b":{},"_coverageSchema":"1a1c01bbd47fc00a2c39e90264f33305004495a9","hash":"0ab5126de7de9e2a9b15534dc0800392063d112b"}
,"/Users/ladiadenusi/source/sky/challenge/src/components/List/index.js": {"path":"/Users/ladiadenusi/source/sky/challenge/src/components/List/index.js","statementMap":{"0":{"start":{"line":3,"column":13},"end":{"line":3,"column":74}},"1":{"start":{"line":3,"column":31},"end":{"line":3,"column":74}}},"fnMap":{"0":{"name":"(anonymous_0)","decl":{"start":{"line":3,"column":13},"end":{"line":3,"column":14}},"loc":{"start":{"line":3,"column":31},"end":{"line":3,"column":74}},"line":3}},"branchMap":{},"s":{"0":5,"1":12},"f":{"0":12},"b":{},"_coverageSchema":"1a1c01bbd47fc00a2c39e90264f33305004495a9","hash":"0beb245c4e3eb2913f087ae0a4a5d6fc69af9fc9"}
,"/Users/ladiadenusi/source/sky/challenge/src/components/Media/Item.js": {"path":"/Users/ladiadenusi/source/sky/challenge/src/components/Media/Item.js","statementMap":{"0":{"start":{"line":5,"column":21},"end":{"line":9,"column":1}},"1":{"start":{"line":11,"column":14},"end":{"line":11,"column":40}},"2":{"start":{"line":11,"column":20},"end":{"line":11,"column":40}},"3":{"start":{"line":13,"column":18},"end":{"line":17,"column":1}},"4":{"start":{"line":14,"column":20},"end":{"line":14,"column":59}},"5":{"start":{"line":16,"column":2},"end":{"line":16,"column":34}}},"fnMap":{"0":{"name":"(anonymous_0)","decl":{"start":{"line":11,"column":14},"end":{"line":11,"column":15}},"loc":{"start":{"line":11,"column":20},"end":{"line":11,"column":40}},"line":11},"1":{"name":"(anonymous_1)","decl":{"start":{"line":13,"column":18},"end":{"line":13,"column":19}},"loc":{"start":{"line":13,"column":29},"end":{"line":17,"column":1}},"line":13}},"branchMap":{"0":{"loc":{"start":{"line":14,"column":20},"end":{"line":14,"column":59}},"type":"binary-expr","locations":[{"start":{"line":14,"column":20},"end":{"line":14,"column":50}},{"start":{"line":14,"column":54},"end":{"line":14,"column":59}}],"line":14}},"s":{"0":4,"1":4,"2":1,"3":4,"4":39,"5":39},"f":{"0":1,"1":39},"b":{"0":[39,1]},"_coverageSchema":"1a1c01bbd47fc00a2c39e90264f33305004495a9","hash":"98fb2e06a8157787378fed53dd7c3219139f6466"}
,"/Users/ladiadenusi/source/sky/challenge/src/components/Movie/Detail.js": {"path":"/Users/ladiadenusi/source/sky/challenge/src/components/Movie/Detail.js","statementMap":{"0":{"start":{"line":11,"column":20},"end":{"line":61,"column":1}},"1":{"start":{"line":12,"column":17},"end":{"line":12,"column":28}},"2":{"start":{"line":13,"column":17},"end":{"line":13,"column":74}},"3":{"start":{"line":15,"column":2},"end":{"line":60,"column":4}},"4":{"start":{"line":46,"column":14},"end":{"line":46,"column":69}}},"fnMap":{"0":{"name":"(anonymous_0)","decl":{"start":{"line":11,"column":20},"end":{"line":11,"column":21}},"loc":{"start":{"line":11,"column":26},"end":{"line":61,"column":1}},"line":11},"1":{"name":"(anonymous_1)","decl":{"start":{"line":45,"column":36},"end":{"line":45,"column":37}},"loc":{"start":{"line":46,"column":14},"end":{"line":46,"column":69}},"line":46}},"branchMap":{"0":{"loc":{"start":{"line":29,"column":26},"end":{"line":29,"column":44}},"type":"binary-expr","locations":[{"start":{"line":29,"column":26},"end":{"line":29,"column":39}},{"start":{"line":29,"column":43},"end":{"line":29,"column":44}}],"line":29},"1":{"loc":{"start":{"line":32,"column":11},"end":{"line":32,"column":49}},"type":"binary-expr","locations":[{"start":{"line":32,"column":11},"end":{"line":32,"column":24}},{"start":{"line":32,"column":28},"end":{"line":32,"column":49}}],"line":32}},"s":{"0":2,"1":2,"2":2,"3":2,"4":3},"f":{"0":2,"1":3},"b":{"0":[2,1],"1":[2,1]},"_coverageSchema":"1a1c01bbd47fc00a2c39e90264f33305004495a9","hash":"85d099df718e81b9c380466285049e3c590a25dd"}
,"/Users/ladiadenusi/source/sky/challenge/src/components/Movie/Item.js": {"path":"/Users/ladiadenusi/source/sky/challenge/src/components/Movie/Item.js","statementMap":{"0":{"start":{"line":4,"column":18},"end":{"line":17,"column":1}},"1":{"start":{"line":5,"column":2},"end":{"line":16,"column":4}}},"fnMap":{"0":{"name":"(anonymous_0)","decl":{"start":{"line":4,"column":18},"end":{"line":4,"column":19}},"loc":{"start":{"line":4,"column":74},"end":{"line":17,"column":1}},"line":4}},"branchMap":{},"s":{"0":4,"1":13},"f":{"0":13},"b":{},"_coverageSchema":"1a1c01bbd47fc00a2c39e90264f33305004495a9","hash":"be63e4936978602823419c02d52a0eb757c6538b"}
,"/Users/ladiadenusi/source/sky/challenge/src/components/Person/Detail.js": {"path":"/Users/ladiadenusi/source/sky/challenge/src/components/Person/Detail.js","statementMap":{"0":{"start":{"line":10,"column":21},"end":{"line":86,"column":1}},"1":{"start":{"line":11,"column":17},"end":{"line":11,"column":28}},"2":{"start":{"line":12,"column":17},"end":{"line":14,"column":3}},"3":{"start":{"line":16,"column":2},"end":{"line":85,"column":4}},"4":{"start":{"line":50,"column":18},"end":{"line":50,"column":43}},"5":{"start":{"line":70,"column":16},"end":{"line":70,"column":70}}},"fnMap":{"0":{"name":"(anonymous_0)","decl":{"start":{"line":10,"column":21},"end":{"line":10,"column":22}},"loc":{"start":{"line":10,"column":27},"end":{"line":86,"column":1}},"line":10},"1":{"name":"(anonymous_1)","decl":{"start":{"line":49,"column":41},"end":{"line":49,"column":42}},"loc":{"start":{"line":50,"column":18},"end":{"line":50,"column":43}},"line":50},"2":{"name":"(anonymous_2)","decl":{"start":{"line":69,"column":47},"end":{"line":69,"column":48}},"loc":{"start":{"line":70,"column":16},"end":{"line":70,"column":70}},"line":70}},"branchMap":{"0":{"loc":{"start":{"line":39,"column":11},"end":{"line":44,"column":11}},"type":"binary-expr","locations":[{"start":{"line":39,"column":11},"end":{"line":39,"column":25}},{"start":{"line":40,"column":12},"end":{"line":43,"column":16}}],"line":39},"1":{"loc":{"start":{"line":45,"column":11},"end":{"line":54,"column":11}},"type":"binary-expr","locations":[{"start":{"line":45,"column":11},"end":{"line":45,"column":39}},{"start":{"line":46,"column":12},"end":{"line":53,"column":18}}],"line":45}},"s":{"0":2,"1":2,"2":2,"3":2,"4":2,"5":6},"f":{"0":2,"1":2,"2":6},"b":{"0":[2,1],"1":[2,1]},"_coverageSchema":"1a1c01bbd47fc00a2c39e90264f33305004495a9","hash":"d173fa5a0f42d60ea923c9170f0883bd7886ec2c"}
,"/Users/ladiadenusi/source/sky/challenge/src/components/Person/Item.js": {"path":"/Users/ladiadenusi/source/sky/challenge/src/components/Person/Item.js","statementMap":{"0":{"start":{"line":4,"column":19},"end":{"line":14,"column":1}},"1":{"start":{"line":5,"column":2},"end":{"line":13,"column":4}}},"fnMap":{"0":{"name":"(anonymous_0)","decl":{"start":{"line":4,"column":19},"end":{"line":4,"column":20}},"loc":{"start":{"line":4,"column":73},"end":{"line":14,"column":1}},"line":4}},"branchMap":{},"s":{"0":6,"1":18},"f":{"0":18},"b":{},"_coverageSchema":"1a1c01bbd47fc00a2c39e90264f33305004495a9","hash":"811b41af2ce7d142034093a1c0ba5e8396a54f93"}
,"/Users/ladiadenusi/source/sky/challenge/src/components/Search/SearchForm.js": {"path":"/Users/ladiadenusi/source/sky/challenge/src/components/Search/SearchForm.js","statementMap":{"0":{"start":{"line":4,"column":16},"end":{"line":9,"column":1}},"1":{"start":{"line":11,"column":19},"end":{"line":61,"column":1}},"2":{"start":{"line":12,"column":19},"end":{"line":12,"column":31}},"3":{"start":{"line":13,"column":30},"end":{"line":13,"column":42}},"4":{"start":{"line":14,"column":23},"end":{"line":17,"column":3}},"5":{"start":{"line":15,"column":4},"end":{"line":15,"column":23}},"6":{"start":{"line":16,"column":4},"end":{"line":16,"column":39}},"7":{"start":{"line":18,"column":19},"end":{"line":27,"column":3}},"8":{"start":{"line":19,"column":18},"end":{"line":19,"column":32}},"9":{"start":{"line":20,"column":4},"end":{"line":20,"column":21}},"10":{"start":{"line":22,"column":4},"end":{"line":26,"column":5}},"11":{"start":{"line":23,"column":6},"end":{"line":23,"column":41}},"12":{"start":{"line":25,"column":6},"end":{"line":25,"column":16}},"13":{"start":{"line":28,"column":23},"end":{"line":30,"column":3}},"14":{"start":{"line":29,"column":4},"end":{"line":29,"column":29}},"15":{"start":{"line":32,"column":2},"end":{"line":34,"column":9}},"16":{"start":{"line":33,"column":4},"end":{"line":33,"column":29}},"17":{"start":{"line":36,"column":2},"end":{"line":60,"column":4}},"18":{"start":{"line":54,"column":10},"end":{"line":56,"column":19}}},"fnMap":{"0":{"name":"(anonymous_0)","decl":{"start":{"line":11,"column":19},"end":{"line":11,"column":20}},"loc":{"start":{"line":11,"column":74},"end":{"line":61,"column":1}},"line":11},"1":{"name":"(anonymous_1)","decl":{"start":{"line":14,"column":23},"end":{"line":14,"column":24}},"loc":{"start":{"line":14,"column":30},"end":{"line":17,"column":3}},"line":14},"2":{"name":"(anonymous_2)","decl":{"start":{"line":18,"column":19},"end":{"line":18,"column":20}},"loc":{"start":{"line":18,"column":26},"end":{"line":27,"column":3}},"line":18},"3":{"name":"(anonymous_3)","decl":{"start":{"line":28,"column":23},"end":{"line":28,"column":24}},"loc":{"start":{"line":28,"column":30},"end":{"line":30,"column":3}},"line":28},"4":{"name":"(anonymous_4)","decl":{"start":{"line":32,"column":12},"end":{"line":32,"column":13}},"loc":{"start":{"line":32,"column":18},"end":{"line":34,"column":3}},"line":32},"5":{"name":"(anonymous_5)","decl":{"start":{"line":53,"column":21},"end":{"line":53,"column":22}},"loc":{"start":{"line":54,"column":10},"end":{"line":56,"column":19}},"line":54}},"branchMap":{"0":{"loc":{"start":{"line":22,"column":4},"end":{"line":26,"column":5}},"type":"if","locations":[{"start":{"line":22,"column":4},"end":{"line":26,"column":5}},{"start":{"line":22,"column":4},"end":{"line":26,"column":5}}],"line":22},"1":{"loc":{"start":{"line":49,"column":9},"end":{"line":49,"column":73}},"type":"binary-expr","locations":[{"start":{"line":49,"column":9},"end":{"line":49,"column":17}},{"start":{"line":49,"column":21},"end":{"line":49,"column":73}}],"line":49}},"s":{"0":2,"1":2,"2":59,"3":59,"4":59,"5":2,"6":2,"7":59,"8":43,"9":43,"10":43,"11":27,"12":16,"13":59,"14":2,"15":59,"16":5,"17":59,"18":236},"f":{"0":59,"1":2,"2":43,"3":2,"4":5,"5":236},"b":{"0":[27,16],"1":[59,17]},"_coverageSchema":"1a1c01bbd47fc00a2c39e90264f33305004495a9","hash":"e473551c9b750c7c5bff9c412b28966c7a271afe"}
,"/Users/ladiadenusi/source/sky/challenge/src/components/Search/SearchPage.js": {"path":"/Users/ladiadenusi/source/sky/challenge/src/components/Search/SearchPage.js","statementMap":{"0":{"start":{"line":7,"column":19},"end":{"line":14,"column":1}},"1":{"start":{"line":8,"column":17},"end":{"line":8,"column":58}},"2":{"start":{"line":9,"column":16},"end":{"line":9,"column":35}},"3":{"start":{"line":10,"column":14},"end":{"line":10,"column":46}},"4":{"start":{"line":11,"column":17},"end":{"line":11,"column":38}},"5":{"start":{"line":13,"column":2},"end":{"line":13,"column":76}}},"fnMap":{"0":{"name":"(anonymous_0)","decl":{"start":{"line":7,"column":19},"end":{"line":7,"column":20}},"loc":{"start":{"line":7,"column":35},"end":{"line":14,"column":1}},"line":7}},"branchMap":{"0":{"loc":{"start":{"line":13,"column":9},"end":{"line":13,"column":75}},"type":"binary-expr","locations":[{"start":{"line":13,"column":9},"end":{"line":13,"column":15}},{"start":{"line":13,"column":19},"end":{"line":13,"column":75}}],"line":13}},"s":{"0":1,"1":10,"2":10,"3":10,"4":10,"5":10},"f":{"0":10},"b":{"0":[10,1]},"_coverageSchema":"1a1c01bbd47fc00a2c39e90264f33305004495a9","hash":"4ef8b46b804ea96444119dbde7dc9507ecc357b1"}
,"/Users/ladiadenusi/source/sky/challenge/src/components/Search/SearchResults.js": {"path":"/Users/ladiadenusi/source/sky/challenge/src/components/Search/SearchResults.js","statementMap":{"0":{"start":{"line":4,"column":22},"end":{"line":19,"column":1}},"1":{"start":{"line":6,"column":4},"end":{"line":8,"column":15}},"2":{"start":{"line":7,"column":33},"end":{"line":7,"column":59}},"3":{"start":{"line":10,"column":2},"end":{"line":18,"column":4}},"4":{"start":{"line":13,"column":8},"end":{"line":13,"column":54}}},"fnMap":{"0":{"name":"(anonymous_0)","decl":{"start":{"line":4,"column":22},"end":{"line":4,"column":23}},"loc":{"start":{"line":4,"column":60},"end":{"line":19,"column":1}},"line":4},"1":{"name":"(anonymous_1)","decl":{"start":{"line":7,"column":23},"end":{"line":7,"column":24}},"loc":{"start":{"line":7,"column":33},"end":{"line":7,"column":59}},"line":7},"2":{"name":"(anonymous_2)","decl":{"start":{"line":12,"column":16},"end":{"line":12,"column":17}},"loc":{"start":{"line":13,"column":8},"end":{"line":13,"column":54}},"line":13}},"branchMap":{"0":{"loc":{"start":{"line":4,"column":25},"end":{"line":4,"column":37}},"type":"default-arg","locations":[{"start":{"line":4,"column":35},"end":{"line":4,"column":37}}],"line":4},"1":{"loc":{"start":{"line":4,"column":39},"end":{"line":4,"column":53}},"type":"default-arg","locations":[{"start":{"line":4,"column":48},"end":{"line":4,"column":53}}],"line":4},"2":{"loc":{"start":{"line":6,"column":4},"end":{"line":8,"column":15}},"type":"cond-expr","locations":[{"start":{"line":7,"column":8},"end":{"line":7,"column":60}},{"start":{"line":8,"column":8},"end":{"line":8,"column":15}}],"line":6},"3":{"loc":{"start":{"line":10,"column":9},"end":{"line":18,"column":3}},"type":"cond-expr","locations":[{"start":{"line":11,"column":4},"end":{"line":15,"column":11}},{"start":{"line":17,"column":4},"end":{"line":17,"column":49}}],"line":10}},"s":{"0":2,"1":6,"2":6,"3":6,"4":29},"f":{"0":6,"1":6,"2":29},"b":{"0":[1],"1":[2],"2":[1,5],"3":[5,1]},"_coverageSchema":"1a1c01bbd47fc00a2c39e90264f33305004495a9","hash":"8539c8b334f2f97226c0d46cd20c9153b3f5496d"}
,"/Users/ladiadenusi/source/sky/challenge/src/components/TV/Detail.js": {"path":"/Users/ladiadenusi/source/sky/challenge/src/components/TV/Detail.js","statementMap":{"0":{"start":{"line":11,"column":17},"end":{"line":63,"column":1}},"1":{"start":{"line":12,"column":17},"end":{"line":12,"column":28}},"2":{"start":{"line":13,"column":17},"end":{"line":13,"column":71}},"3":{"start":{"line":15,"column":2},"end":{"line":62,"column":4}},"4":{"start":{"line":29,"column":14},"end":{"line":31,"column":21}},"5":{"start":{"line":48,"column":14},"end":{"line":48,"column":69}}},"fnMap":{"0":{"name":"(anonymous_0)","decl":{"start":{"line":11,"column":17},"end":{"line":11,"column":18}},"loc":{"start":{"line":11,"column":23},"end":{"line":63,"column":1}},"line":11},"1":{"name":"(anonymous_1)","decl":{"start":{"line":28,"column":40},"end":{"line":28,"column":41}},"loc":{"start":{"line":29,"column":14},"end":{"line":31,"column":21}},"line":29},"2":{"name":"(anonymous_2)","decl":{"start":{"line":47,"column":36},"end":{"line":47,"column":37}},"loc":{"start":{"line":48,"column":14},"end":{"line":48,"column":69}},"line":48}},"branchMap":{"0":{"loc":{"start":{"line":34,"column":11},"end":{"line":34,"column":50}},"type":"binary-expr","locations":[{"start":{"line":34,"column":11},"end":{"line":34,"column":24}},{"start":{"line":34,"column":28},"end":{"line":34,"column":50}}],"line":34}},"s":{"0":2,"1":2,"2":2,"3":2,"4":1,"5":3},"f":{"0":2,"1":1,"2":3},"b":{"0":[2,1]},"_coverageSchema":"1a1c01bbd47fc00a2c39e90264f33305004495a9","hash":"05828c88cd3fb0e0999538bca16a5a19dad5b857"}
,"/Users/ladiadenusi/source/sky/challenge/src/components/TV/Item.js": {"path":"/Users/ladiadenusi/source/sky/challenge/src/components/TV/Item.js","statementMap":{"0":{"start":{"line":4,"column":15},"end":{"line":17,"column":1}},"1":{"start":{"line":5,"column":2},"end":{"line":16,"column":4}}},"fnMap":{"0":{"name":"(anonymous_0)","decl":{"start":{"line":4,"column":15},"end":{"line":4,"column":16}},"loc":{"start":{"line":4,"column":72},"end":{"line":17,"column":1}},"line":4}},"branchMap":{},"s":{"0":4,"1":13},"f":{"0":13},"b":{},"_coverageSchema":"1a1c01bbd47fc00a2c39e90264f33305004495a9","hash":"ddde508baaad1b08822cf138d4a419d2d0dc9edd"}
,"/Users/ladiadenusi/source/sky/challenge/src/hooks/useFetch.js": {"path":"/Users/ladiadenusi/source/sky/challenge/src/hooks/useFetch.js","statementMap":{"0":{"start":{"line":3,"column":17},"end":{"line":27,"column":1}},"1":{"start":{"line":4,"column":26},"end":{"line":4,"column":40}},"2":{"start":{"line":5,"column":14},"end":{"line":18,"column":3}},"3":{"start":{"line":7,"column":6},"end":{"line":15,"column":16}},"4":{"start":{"line":8,"column":20},"end":{"line":12,"column":10}},"5":{"start":{"line":13,"column":21},"end":{"line":13,"column":37}},"6":{"start":{"line":14,"column":8},"end":{"line":14,"column":22}},"7":{"start":{"line":20,"column":2},"end":{"line":24,"column":18}},"8":{"start":{"line":21,"column":4},"end":{"line":23,"column":5}},"9":{"start":{"line":22,"column":6},"end":{"line":22,"column":12}},"10":{"start":{"line":26,"column":2},"end":{"line":26,"column":21}}},"fnMap":{"0":{"name":"(anonymous_0)","decl":{"start":{"line":3,"column":17},"end":{"line":3,"column":18}},"loc":{"start":{"line":3,"column":40},"end":{"line":27,"column":1}},"line":3},"1":{"name":"(anonymous_1)","decl":{"start":{"line":6,"column":4},"end":{"line":6,"column":5}},"loc":{"start":{"line":6,"column":33},"end":{"line":16,"column":5}},"line":6},"2":{"name":"(anonymous_2)","decl":{"start":{"line":20,"column":12},"end":{"line":20,"column":13}},"loc":{"start":{"line":20,"column":18},"end":{"line":24,"column":3}},"line":20}},"branchMap":{"0":{"loc":{"start":{"line":3,"column":23},"end":{"line":3,"column":35}},"type":"default-arg","locations":[{"start":{"line":3,"column":30},"end":{"line":3,"column":35}}],"line":3},"1":{"loc":{"start":{"line":6,"column":11},"end":{"line":6,"column":28}},"type":"default-arg","locations":[{"start":{"line":6,"column":25},"end":{"line":6,"column":28}}],"line":6},"2":{"loc":{"start":{"line":21,"column":4},"end":{"line":23,"column":5}},"type":"if","locations":[{"start":{"line":21,"column":4},"end":{"line":23,"column":5}},{"start":{"line":21,"column":4},"end":{"line":23,"column":5}}],"line":21}},"s":{"0":4,"1":37,"2":37,"3":22,"4":22,"5":22,"6":13,"7":37,"8":9,"9":4,"10":37},"f":{"0":37,"1":22,"2":9},"b":{"0":[6],"1":[4],"2":[4,5]},"_coverageSchema":"1a1c01bbd47fc00a2c39e90264f33305004495a9","hash":"f94aea1e128989c037c1236415d5d5733157f1e6"}
,"/Users/ladiadenusi/source/sky/challenge/src/utils/time-formatter.js": {"path":"/Users/ladiadenusi/source/sky/challenge/src/utils/time-formatter.js","statementMap":{"0":{"start":{"line":1,"column":18},"end":{"line":12,"column":1}},"1":{"start":{"line":2,"column":15},"end":{"line":2,"column":17}},"2":{"start":{"line":3,"column":16},"end":{"line":3,"column":37}},"3":{"start":{"line":4,"column":18},"end":{"line":4,"column":27}},"4":{"start":{"line":6,"column":2},"end":{"line":8,"column":3}},"5":{"start":{"line":7,"column":4},"end":{"line":7,"column":25}},"6":{"start":{"line":10,"column":2},"end":{"line":10,"column":27}},"7":{"start":{"line":11,"column":2},"end":{"line":11,"column":23}}},"fnMap":{"0":{"name":"(anonymous_0)","decl":{"start":{"line":1,"column":18},"end":{"line":1,"column":19}},"loc":{"start":{"line":1,"column":28},"end":{"line":12,"column":1}},"line":1}},"branchMap":{"0":{"loc":{"start":{"line":6,"column":2},"end":{"line":8,"column":3}},"type":"if","locations":[{"start":{"line":6,"column":2},"end":{"line":8,"column":3}},{"start":{"line":6,"column":2},"end":{"line":8,"column":3}}],"line":6}},"s":{"0":3,"1":3,"2":3,"3":3,"4":3,"5":1,"6":3,"7":3},"f":{"0":3},"b":{"0":[1,2]},"_coverageSchema":"1a1c01bbd47fc00a2c39e90264f33305004495a9","hash":"2fcaa9584298fd25dce8bd35ca7eb45a39f968ca"}
}
