{"/Users/ladiadenusi/source/sky/challenge/src/hooks/useFetch.js": {"path":"/Users/ladiadenusi/source/sky/challenge/src/hooks/useFetch.js","statementMap":{"0":{"start":{"line":3,"column":17},"end":{"line":27,"column":1}},"1":{"start":{"line":4,"column":26},"end":{"line":4,"column":40}},"2":{"start":{"line":5,"column":14},"end":{"line":18,"column":3}},"3":{"start":{"line":7,"column":6},"end":{"line":15,"column":16}},"4":{"start":{"line":8,"column":20},"end":{"line":12,"column":10}},"5":{"start":{"line":13,"column":21},"end":{"line":13,"column":37}},"6":{"start":{"line":14,"column":8},"end":{"line":14,"column":22}},"7":{"start":{"line":20,"column":2},"end":{"line":24,"column":18}},"8":{"start":{"line":21,"column":4},"end":{"line":23,"column":5}},"9":{"start":{"line":22,"column":6},"end":{"line":22,"column":12}},"10":{"start":{"line":26,"column":2},"end":{"line":26,"column":21}}},"fnMap":{"0":{"name":"(anonymous_0)","decl":{"start":{"line":3,"column":17},"end":{"line":3,"column":18}},"loc":{"start":{"line":3,"column":40},"end":{"line":27,"column":1}},"line":3},"1":{"name":"(anonymous_1)","decl":{"start":{"line":6,"column":4},"end":{"line":6,"column":5}},"loc":{"start":{"line":6,"column":33},"end":{"line":16,"column":5}},"line":6},"2":{"name":"(anonymous_2)","decl":{"start":{"line":20,"column":12},"end":{"line":20,"column":13}},"loc":{"start":{"line":20,"column":18},"end":{"line":24,"column":3}},"line":20}},"branchMap":{"0":{"loc":{"start":{"line":3,"column":23},"end":{"line":3,"column":35}},"type":"default-arg","locations":[{"start":{"line":3,"column":30},"end":{"line":3,"column":35}}],"line":3},"1":{"loc":{"start":{"line":6,"column":11},"end":{"line":6,"column":28}},"type":"default-arg","locations":[{"start":{"line":6,"column":25},"end":{"line":6,"column":28}}],"line":6},"2":{"loc":{"start":{"line":21,"column":4},"end":{"line":23,"column":5}},"type":"if","locations":[{"start":{"line":21,"column":4},"end":{"line":23,"column":5}},{"start":{"line":21,"column":4},"end":{"line":23,"column":5}}],"line":21}},"s":{"0":4,"1":37,"2":37,"3":22,"4":22,"5":22,"6":13,"7":37,"8":9,"9":4,"10":37},"f":{"0":37,"1":22,"2":9},"b":{"0":[6],"1":[4],"2":[4,5]},"_coverageSchema":"1a1c01bbd47fc00a2c39e90264f33305004495a9","hash":"f94aea1e128989c037c1236415d5d5733157f1e6"}
}
