TN:
SF:src/App.js
FN:14,App
FN:19,(anonymous_1)
FN:22,(anonymous_2)
FN:30,(anonymous_3)
FN:31,(anonymous_4)
FN:34,(anonymous_5)
FNF:6
FNH:6
FNDA:21,App
FNDA:12,(anonymous_1)
FNDA:19,(anonymous_2)
FNDA:4,(anonymous_3)
FNDA:2,(anonymous_4)
FNDA:4,(anonymous_5)
DA:15,21
DA:16,21
DA:17,21
DA:18,21
DA:19,21
DA:20,12
DA:22,21
DA:23,19
DA:24,19
DA:25,1
DA:27,18
DA:30,21
DA:31,4
DA:32,2
DA:34,4
DA:35,4
DA:39,21
LF:17
LH:17
BRDA:24,0,0,1
BRDA:24,0,1,18
BRDA:50,1,0,21
BRDA:50,1,1,9
BRDA:50,1,2,3
BRF:5
BRH:5
end_of_record
TN:
SF:src/constants.js
FNF:0
FNH:0
DA:1,6
DA:2,6
DA:3,6
DA:4,6
DA:5,6
DA:6,6
LF:6
LH:6
BRF:0
BRH:0
end_of_record
TN:
SF:src/reportWebVitals.js
FN:1,(anonymous_0)
FN:3,(anonymous_1)
FNF:2
FNH:0
FNDA:0,(anonymous_0)
FNDA:0,(anonymous_1)
DA:1,0
DA:2,0
DA:3,0
DA:4,0
DA:5,0
DA:6,0
DA:7,0
DA:8,0
LF:8
LH:0
BRDA:2,0,0,0
BRDA:2,0,1,0
BRDA:2,1,0,0
BRDA:2,1,1,0
BRF:4
BRH:0
end_of_record
TN:
SF:src/components/Image/index.js
FN:4,(anonymous_0)
FNF:1
FNH:1
FNDA:50,(anonymous_0)
DA:4,6
DA:5,50
DA:9,50
LF:3
LH:3
BRDA:4,0,0,44
BRDA:5,1,0,47
BRDA:5,1,1,3
BRF:3
BRH:3
end_of_record
TN:
SF:src/components/List/Item.js
FN:5,(anonymous_0)
FN:8,(anonymous_1)
FN:10,(anonymous_2)
FNF:3
FNH:3
FNDA:44,(anonymous_0)
FNDA:44,(anonymous_1)
FNDA:44,(anonymous_2)
DA:5,6
DA:6,44
DA:8,44
DA:10,6
DA:11,44
DA:18,6
DA:19,6
LF:7
LH:7
BRF:0
BRH:0
end_of_record
TN:
SF:src/components/List/index.js
FN:3,(anonymous_0)
FNF:1
FNH:1
FNDA:12,(anonymous_0)
DA:3,12
LF:1
LH:1
BRF:0
BRH:0
end_of_record
TN:
SF:src/components/Media/Item.js
FN:11,(anonymous_0)
FN:13,(anonymous_1)
FNF:2
FNH:2
FNDA:1,(anonymous_0)
FNDA:39,(anonymous_1)
DA:5,4
DA:11,4
DA:13,4
DA:14,39
DA:16,39
LF:5
LH:5
BRDA:14,0,0,39
BRDA:14,0,1,1
BRF:2
BRH:2
end_of_record
TN:
SF:src/components/Movie/Detail.js
FN:11,(anonymous_0)
FN:45,(anonymous_1)
FNF:2
FNH:2
FNDA:2,(anonymous_0)
FNDA:3,(anonymous_1)
DA:11,2
DA:12,2
DA:13,2
DA:15,2
DA:46,3
LF:5
LH:5
BRDA:29,0,0,2
BRDA:29,0,1,1
BRDA:32,1,0,2
BRDA:32,1,1,1
BRF:4
BRH:4
end_of_record
TN:
SF:src/components/Movie/Item.js
FN:4,(anonymous_0)
FNF:1
FNH:1
FNDA:13,(anonymous_0)
DA:4,4
DA:5,13
LF:2
LH:2
BRF:0
BRH:0
end_of_record
TN:
SF:src/components/Person/Detail.js
FN:10,(anonymous_0)
FN:49,(anonymous_1)
FN:69,(anonymous_2)
FNF:3
FNH:3
FNDA:2,(anonymous_0)
FNDA:2,(anonymous_1)
FNDA:6,(anonymous_2)
DA:10,2
DA:11,2
DA:12,2
DA:16,2
DA:50,2
DA:70,6
LF:6
LH:6
BRDA:39,0,0,2
BRDA:39,0,1,1
BRDA:45,1,0,2
BRDA:45,1,1,1
BRF:4
BRH:4
end_of_record
TN:
SF:src/components/Person/Item.js
FN:4,(anonymous_0)
FNF:1
FNH:1
FNDA:18,(anonymous_0)
DA:4,6
DA:5,18
LF:2
LH:2
BRF:0
BRH:0
end_of_record
TN:
SF:src/components/Search/SearchForm.js
FN:11,(anonymous_0)
FN:14,(anonymous_1)
FN:18,(anonymous_2)
FN:28,(anonymous_3)
FN:32,(anonymous_4)
FN:53,(anonymous_5)
FNF:6
FNH:6
FNDA:59,(anonymous_0)
FNDA:2,(anonymous_1)
FNDA:43,(anonymous_2)
FNDA:2,(anonymous_3)
FNDA:5,(anonymous_4)
FNDA:236,(anonymous_5)
DA:4,2
DA:11,2
DA:12,59
DA:13,59
DA:14,59
DA:15,2
DA:16,2
DA:18,59
DA:19,43
DA:20,43
DA:22,43
DA:23,27
DA:25,16
DA:28,59
DA:29,2
DA:32,59
DA:33,5
DA:36,59
DA:54,236
LF:19
LH:19
BRDA:22,0,0,27
BRDA:22,0,1,16
BRDA:49,1,0,59
BRDA:49,1,1,17
BRF:4
BRH:4
end_of_record
TN:
SF:src/components/Search/SearchPage.js
FN:7,(anonymous_0)
FNF:1
FNH:1
FNDA:10,(anonymous_0)
DA:7,1
DA:8,10
DA:9,10
DA:10,10
DA:11,10
DA:13,10
LF:6
LH:6
BRDA:13,0,0,10
BRDA:13,0,1,1
BRF:2
BRH:2
end_of_record
TN:
SF:src/components/Search/SearchResults.js
FN:4,(anonymous_0)
FN:7,(anonymous_1)
FN:12,(anonymous_2)
FNF:3
FNH:3
FNDA:6,(anonymous_0)
FNDA:6,(anonymous_1)
FNDA:29,(anonymous_2)
DA:4,2
DA:6,6
DA:7,6
DA:10,6
DA:13,29
LF:5
LH:5
BRDA:4,0,0,1
BRDA:4,1,0,2
BRDA:6,2,0,1
BRDA:6,2,1,5
BRDA:10,3,0,5
BRDA:10,3,1,1
BRF:6
BRH:6
end_of_record
TN:
SF:src/components/TV/Detail.js
FN:11,(anonymous_0)
FN:28,(anonymous_1)
FN:47,(anonymous_2)
FNF:3
FNH:3
FNDA:2,(anonymous_0)
FNDA:1,(anonymous_1)
FNDA:3,(anonymous_2)
DA:11,2
DA:12,2
DA:13,2
DA:15,2
DA:29,1
DA:48,3
LF:6
LH:6
BRDA:34,0,0,2
BRDA:34,0,1,1
BRF:2
BRH:2
end_of_record
TN:
SF:src/components/TV/Item.js
FN:4,(anonymous_0)
FNF:1
FNH:1
FNDA:13,(anonymous_0)
DA:4,4
DA:5,13
LF:2
LH:2
BRF:0
BRH:0
end_of_record
TN:
SF:src/hooks/useFetch.js
FN:3,(anonymous_0)
FN:6,(anonymous_1)
FN:20,(anonymous_2)
FNF:3
FNH:3
FNDA:37,(anonymous_0)
FNDA:22,(anonymous_1)
FNDA:9,(anonymous_2)
DA:3,4
DA:4,37
DA:5,37
DA:7,22
DA:8,22
DA:13,22
DA:14,13
DA:20,37
DA:21,9
DA:22,4
DA:26,37
LF:11
LH:11
BRDA:3,0,0,6
BRDA:6,1,0,4
BRDA:21,2,0,4
BRDA:21,2,1,5
BRF:4
BRH:4
end_of_record
TN:
SF:src/utils/time-formatter.js
FN:1,(anonymous_0)
FNF:1
FNH:1
FNDA:3,(anonymous_0)
DA:1,3
DA:2,3
DA:3,3
DA:4,3
DA:6,3
DA:7,1
DA:10,3
DA:11,3
LF:8
LH:8
BRDA:6,0,0,1
BRDA:6,0,1,2
BRF:2
BRH:2
end_of_record
